<?xml version="1.0" encoding="UTF-8"?>
<!-- Generated by org.testng.reporters.JUnitXMLReporter -->
<testsuite ignored="3" hostname="JASHWANTH" failures="0" tests="2" name="Surefire test" time="45.278" errors="0" timestamp="2026-07-15T09:29:49 IST">
  <testcase classname="practice.TestNGPractice" name="bashaRuns" time="0.003"/>
  <testcase classname="testCaseRepo.TC_003" name="LE_003" time="35.884"/>
  <testcase classname="practice.TestNGPractice" name="bashaSleeps" time="0.0">
    <ignored/>
  </testcase> <!-- bashaSleeps -->
  <testcase classname="practice.TestNGPractice" name="bashaWakes" time="0.0">
    <ignored/>
  </testcase> <!-- bashaWakes -->
  <testcase classname="practice.TestNGPractice" name="bashaEats" time="0.0">
    <ignored/>
  </testcase> <!-- bashaEats -->
</testsuite> <!-- Surefire test -->
