<?xml version="1.0" encoding="UTF-8"?>
<testng-results ignored="1" total="7" passed="6" failed="0" skipped="0">
  <reporter-output>
  </reporter-output>
  <suite started-at="2026-07-15T10:07:58 IST" name="Suite" finished-at="2026-07-15T10:09:42 IST" duration-ms="103741">
    <groups>
      <group name="Sanity">
        <method signature="TC_004.CON_001()[pri:0, instance:testCaseRepo.TC_004@72d1ad2e]" name="CON_001" class="testCaseRepo.TC_004"/>
      </group> <!-- Sanity -->
      <group name="Smoke">
        <method signature="TC_002Test.LC_002()[pri:0, instance:testCaseRepo.TC_002Test@6c64cb25]" name="LC_002" class="testCaseRepo.TC_002Test"/>
      </group> <!-- Smoke -->
    </groups>
    <test started-at="2026-07-15T10:07:58 IST" name="Test" finished-at="2026-07-15T10:09:42 IST" duration-ms="103741">
      <class name="testCaseRepo.TC_006">
        <test-method is-config="true" signature="bcConfig(java.lang.String)[pri:0, instance:testCaseRepo.TC_006@595b007d]" started-at="2026-07-15T10:08:35 IST" name="bcConfig" finished-at="2026-07-15T10:08:38 IST" duration-ms="2362" status="PASS">
          <params>
            <param index="0">
              <value>
                <![CDATA[chrome]]>
              </value>
            </param>
          </params>
          <reporter-output>
          </reporter-output>
        </test-method> <!-- bcConfig -->
        <test-method is-config="true" signature="bmConfig()[pri:0, instance:testCaseRepo.TC_006@595b007d]" started-at="2026-07-15T10:08:38 IST" name="bmConfig" finished-at="2026-07-15T10:08:38 IST" duration-ms="267" status="PASS">
          <reporter-output>
          </reporter-output>
        </test-method> <!-- bmConfig -->
        <test-method signature="CON_003()[pri:0, instance:testCaseRepo.TC_006@595b007d]" started-at="2026-07-15T10:08:38 IST" name="CON_003" finished-at="2026-07-15T10:09:06 IST" duration-ms="28013" status="PASS">
          <reporter-output>
          </reporter-output>
        </test-method> <!-- CON_003 -->
        <test-method is-config="true" signature="amConfig()[pri:0, instance:testCaseRepo.TC_006@595b007d]" started-at="2026-07-15T10:09:06 IST" name="amConfig" finished-at="2026-07-15T10:09:09 IST" duration-ms="2855" status="PASS">
          <reporter-output>
          </reporter-output>
        </test-method> <!-- amConfig -->
        <test-method is-config="true" signature="acConfig()[pri:0, instance:testCaseRepo.TC_006@595b007d]" started-at="2026-07-15T10:09:09 IST" name="acConfig" finished-at="2026-07-15T10:09:09 IST" duration-ms="369" status="PASS">
          <reporter-output>
          </reporter-output>
        </test-method> <!-- acConfig -->
      </class> <!-- testCaseRepo.TC_006 -->
      <class name="testCaseRepo.TC_002Test">
        <test-method is-config="true" signature="bsConfig()[pri:0, instance:testCaseRepo.TC_002Test@6c64cb25]" started-at="2026-07-15T10:07:58 IST" name="bsConfig" finished-at="2026-07-15T10:07:58 IST" duration-ms="25" status="PASS">
          <reporter-output>
          </reporter-output>
        </test-method> <!-- bsConfig -->
        <test-method is-config="true" signature="bcConfig(java.lang.String)[pri:0, instance:testCaseRepo.TC_002Test@6c64cb25]" started-at="2026-07-15T10:07:58 IST" name="bcConfig" finished-at="2026-07-15T10:08:01 IST" duration-ms="3031" status="PASS">
          <params>
            <param index="0">
              <value>
                <![CDATA[chrome]]>
              </value>
            </param>
          </params>
          <reporter-output>
          </reporter-output>
        </test-method> <!-- bcConfig -->
        <test-method is-config="true" signature="bmConfig()[pri:0, instance:testCaseRepo.TC_002Test@6c64cb25]" started-at="2026-07-15T10:08:01 IST" name="bmConfig" finished-at="2026-07-15T10:08:07 IST" duration-ms="5663" status="PASS">
          <reporter-output>
          </reporter-output>
        </test-method> <!-- bmConfig -->
        <test-method signature="LC_002()[pri:0, instance:testCaseRepo.TC_002Test@6c64cb25]" started-at="2026-07-15T10:08:07 IST" name="LC_002" finished-at="2026-07-15T10:08:32 IST" duration-ms="25069" status="PASS">
          <reporter-output>
          </reporter-output>
        </test-method> <!-- LC_002 -->
        <test-method is-config="true" signature="amConfig()[pri:0, instance:testCaseRepo.TC_002Test@6c64cb25]" started-at="2026-07-15T10:08:32 IST" name="amConfig" finished-at="2026-07-15T10:08:35 IST" duration-ms="2970" status="PASS">
          <reporter-output>
          </reporter-output>
        </test-method> <!-- amConfig -->
        <test-method is-config="true" signature="acConfig()[pri:0, instance:testCaseRepo.TC_002Test@6c64cb25]" started-at="2026-07-15T10:08:35 IST" name="acConfig" finished-at="2026-07-15T10:08:35 IST" duration-ms="276" status="PASS">
          <reporter-output>
          </reporter-output>
        </test-method> <!-- acConfig -->
        <test-method is-config="true" signature="asConfig()[pri:0, instance:testCaseRepo.TC_002Test@6c64cb25]" started-at="2026-07-15T10:09:42 IST" name="asConfig" finished-at="2026-07-15T10:09:42 IST" duration-ms="1" status="PASS">
          <reporter-output>
          </reporter-output>
        </test-method> <!-- asConfig -->
      </class> <!-- testCaseRepo.TC_002Test -->
      <class name="testCaseRepo.TC_004">
        <test-method is-config="true" signature="bcConfig(java.lang.String)[pri:0, instance:testCaseRepo.TC_004@72d1ad2e]" started-at="2026-07-15T10:09:09 IST" name="bcConfig" finished-at="2026-07-15T10:09:11 IST" duration-ms="2370" status="PASS">
          <params>
            <param index="0">
              <value>
                <![CDATA[chrome]]>
              </value>
            </param>
          </params>
          <reporter-output>
          </reporter-output>
        </test-method> <!-- bcConfig -->
        <test-method is-config="true" signature="bmConfig()[pri:0, instance:testCaseRepo.TC_004@72d1ad2e]" started-at="2026-07-15T10:09:11 IST" name="bmConfig" finished-at="2026-07-15T10:09:12 IST" duration-ms="257" status="PASS">
          <reporter-output>
          </reporter-output>
        </test-method> <!-- bmConfig -->
        <test-method signature="CON_001()[pri:0, instance:testCaseRepo.TC_004@72d1ad2e]" started-at="2026-07-15T10:09:12 IST" name="CON_001" finished-at="2026-07-15T10:09:39 IST" duration-ms="26946" status="PASS">
          <reporter-output>
          </reporter-output>
        </test-method> <!-- CON_001 -->
        <test-method is-config="true" signature="amConfig()[pri:0, instance:testCaseRepo.TC_004@72d1ad2e]" started-at="2026-07-15T10:09:39 IST" name="amConfig" finished-at="2026-07-15T10:09:42 IST" duration-ms="2852" status="PASS">
          <reporter-output>
          </reporter-output>
        </test-method> <!-- amConfig -->
        <test-method is-config="true" signature="acConfig()[pri:0, instance:testCaseRepo.TC_004@72d1ad2e]" started-at="2026-07-15T10:09:42 IST" name="acConfig" finished-at="2026-07-15T10:09:42 IST" duration-ms="389" status="PASS">
          <reporter-output>
          </reporter-output>
        </test-method> <!-- acConfig -->
      </class> <!-- testCaseRepo.TC_004 -->
    </test> <!-- Test -->
  </suite> <!-- Suite -->
  <suite started-at="2026-07-15T10:09:42 IST" name="Suite (0)" finished-at="2026-07-15T10:11:31 IST" duration-ms="109195">
    <groups>
      <group name="Sanity">
        <method signature="TC_001Test.LE_001()[pri:0, instance:testCaseRepo.TC_001Test@76505305]" name="LE_001" class="testCaseRepo.TC_001Test"/>
        <method signature="TC_004.CON_001()[pri:0, instance:testCaseRepo.TC_004@14cd1699]" name="CON_001" class="testCaseRepo.TC_004"/>
      </group> <!-- Sanity -->
      <group name="Smoke">
        <method signature="TC_001Test.LE_001()[pri:0, instance:testCaseRepo.TC_001Test@76505305]" name="LE_001" class="testCaseRepo.TC_001Test"/>
        <method signature="TC_002Test.LC_002()[pri:0, instance:testCaseRepo.TC_002Test@5656be13]" name="LC_002" class="testCaseRepo.TC_002Test"/>
      </group> <!-- Smoke -->
    </groups>
    <test started-at="2026-07-15T10:09:42 IST" name="Test" finished-at="2026-07-15T10:11:31 IST" duration-ms="109195">
      <class name="testCaseRepo.TC_001Test">
        <test-method is-config="true" signature="bcConfig(java.lang.String)[pri:0, instance:testCaseRepo.TC_001Test@76505305]" started-at="2026-07-15T10:10:16 IST" name="bcConfig" finished-at="2026-07-15T10:10:19 IST" duration-ms="2384" status="PASS">
          <params>
            <param index="0">
              <value>
                <![CDATA[chrome]]>
              </value>
            </param>
          </params>
          <reporter-output>
          </reporter-output>
        </test-method> <!-- bcConfig -->
        <test-method is-config="true" signature="bmConfig()[pri:0, instance:testCaseRepo.TC_001Test@76505305]" started-at="2026-07-15T10:10:19 IST" name="bmConfig" finished-at="2026-07-15T10:10:25 IST" duration-ms="5714" status="PASS">
          <reporter-output>
          </reporter-output>
        </test-method> <!-- bmConfig -->
        <test-method signature="LE_001()[pri:0, instance:testCaseRepo.TC_001Test@76505305]" started-at="2026-07-15T10:10:25 IST" name="LE_001" finished-at="2026-07-15T10:10:46 IST" duration-ms="21684" status="PASS">
          <reporter-output>
          </reporter-output>
        </test-method> <!-- LE_001 -->
        <test-method is-config="true" signature="amConfig()[pri:0, instance:testCaseRepo.TC_001Test@76505305]" started-at="2026-07-15T10:10:46 IST" name="amConfig" finished-at="2026-07-15T10:10:49 IST" duration-ms="3045" status="PASS">
          <reporter-output>
          </reporter-output>
        </test-method> <!-- amConfig -->
        <test-method is-config="true" signature="acConfig()[pri:0, instance:testCaseRepo.TC_001Test@76505305]" started-at="2026-07-15T10:10:49 IST" name="acConfig" finished-at="2026-07-15T10:10:50 IST" duration-ms="304" status="PASS">
          <reporter-output>
          </reporter-output>
        </test-method> <!-- acConfig -->
      </class> <!-- testCaseRepo.TC_001Test -->
      <class name="testCaseRepo.TC_002Test">
        <test-method is-config="true" signature="bcConfig(java.lang.String)[pri:0, instance:testCaseRepo.TC_002Test@5656be13]" started-at="2026-07-15T10:09:42 IST" name="bcConfig" finished-at="2026-07-15T10:09:44 IST" duration-ms="2240" status="PASS">
          <params>
            <param index="0">
              <value>
                <![CDATA[chrome]]>
              </value>
            </param>
          </params>
          <reporter-output>
          </reporter-output>
        </test-method> <!-- bcConfig -->
        <test-method is-config="true" signature="bmConfig()[pri:0, instance:testCaseRepo.TC_002Test@5656be13]" started-at="2026-07-15T10:09:44 IST" name="bmConfig" finished-at="2026-07-15T10:09:50 IST" duration-ms="6002" status="PASS">
          <reporter-output>
          </reporter-output>
        </test-method> <!-- bmConfig -->
        <test-method signature="LC_002()[pri:0, instance:testCaseRepo.TC_002Test@5656be13]" started-at="2026-07-15T10:09:50 IST" name="LC_002" finished-at="2026-07-15T10:10:13 IST" duration-ms="22796" status="PASS">
          <reporter-output>
          </reporter-output>
        </test-method> <!-- LC_002 -->
        <test-method is-config="true" signature="amConfig()[pri:0, instance:testCaseRepo.TC_002Test@5656be13]" started-at="2026-07-15T10:10:13 IST" name="amConfig" finished-at="2026-07-15T10:10:16 IST" duration-ms="3052" status="PASS">
          <reporter-output>
          </reporter-output>
        </test-method> <!-- amConfig -->
        <test-method is-config="true" signature="acConfig()[pri:0, instance:testCaseRepo.TC_002Test@5656be13]" started-at="2026-07-15T10:10:16 IST" name="acConfig" finished-at="2026-07-15T10:10:16 IST" duration-ms="385" status="PASS">
          <reporter-output>
          </reporter-output>
        </test-method> <!-- acConfig -->
      </class> <!-- testCaseRepo.TC_002Test -->
      <class name="testCaseRepo.TC_003">
        <test-method is-config="true" signature="bsConfig()[pri:0, instance:testCaseRepo.TC_003@235834f2]" started-at="2026-07-15T10:09:42 IST" name="bsConfig" finished-at="2026-07-15T10:09:42 IST" duration-ms="0" status="PASS">
          <reporter-output>
          </reporter-output>
        </test-method> <!-- bsConfig -->
        <test-method is-config="true" signature="asConfig()[pri:0, instance:testCaseRepo.TC_003@235834f2]" started-at="2026-07-15T10:11:31 IST" name="asConfig" finished-at="2026-07-15T10:11:31 IST" duration-ms="0" status="PASS">
          <reporter-output>
          </reporter-output>
        </test-method> <!-- asConfig -->
      </class> <!-- testCaseRepo.TC_003 -->
      <class name="testCaseRepo.TC_004">
        <test-method is-config="true" signature="bcConfig(java.lang.String)[pri:0, instance:testCaseRepo.TC_004@14cd1699]" started-at="2026-07-15T10:10:50 IST" name="bcConfig" finished-at="2026-07-15T10:10:52 IST" duration-ms="2403" status="PASS">
          <params>
            <param index="0">
              <value>
                <![CDATA[chrome]]>
              </value>
            </param>
          </params>
          <reporter-output>
          </reporter-output>
        </test-method> <!-- bcConfig -->
        <test-method is-config="true" signature="bmConfig()[pri:0, instance:testCaseRepo.TC_004@14cd1699]" started-at="2026-07-15T10:10:52 IST" name="bmConfig" finished-at="2026-07-15T10:10:52 IST" duration-ms="249" status="PASS">
          <reporter-output>
          </reporter-output>
        </test-method> <!-- bmConfig -->
        <test-method signature="CON_001()[pri:0, instance:testCaseRepo.TC_004@14cd1699]" started-at="2026-07-15T10:10:52 IST" name="CON_001" finished-at="2026-07-15T10:11:21 IST" duration-ms="28336" status="PASS">
          <reporter-output>
          </reporter-output>
        </test-method> <!-- CON_001 -->
        <test-method is-config="true" signature="amConfig()[pri:0, instance:testCaseRepo.TC_004@14cd1699]" started-at="2026-07-15T10:11:21 IST" name="amConfig" finished-at="2026-07-15T10:11:31 IST" duration-ms="10292" status="FAIL">
          <exception class="org.openqa.selenium.ElementNotInteractableException">
            <message>
              <![CDATA[element not interactable
  (Session info: chrome=150.0.7871.115)
Build info: version: '4.43.0', revision: 'dd0f534'
System info: os.name: 'Windows 11', os.arch: 'amd64', os.version: '10.0', java.version: '21.0.1'
Driver info: org.openqa.selenium.chrome.ChromeDriver
Command: [0e83b4bcbe9e07fd6873f3d709bbcb04, clickElement {id=f.47C47CFA472465C80B967D406EA18F12.d.64C2ED3BB11C20002E2022418B86513B.e.2380}]
Capabilities {acceptInsecureCerts: false, browserName: chrome, browserVersion: 150.0.7871.115, chrome: {chromedriverVersion: 150.0.7871.124 (9261fd0a595..., userDataDir: C:\Users\JASHWA~1\AppData\L...}, fedcm:accounts: true, goog:chromeOptions: {debuggerAddress: localhost:55497}, goog:processID: 11592, networkConnectionEnabled: false, pageLoadStrategy: normal, platformName: windows, proxy: Proxy(), se:cdp: ws://localhost:55497/devtoo..., se:cdpVersion: 150.0.7871.115, setWindowRect: true, strictFileInteractability: false, timeouts: {implicit: 0, pageLoad: 300000, script: 30000}, unhandledPromptBehavior: dismiss and notify, webauthn:extension:credBlob: true, webauthn:extension:largeBlob: true, webauthn:extension:minPinLength: true, webauthn:extension:prf: true, webauthn:virtualAuthenticators: true}
Element: [[ChromeDriver: chrome on windows (0e83b4bcbe9e07fd6873f3d709bbcb04)] -> xpath: //a[text() = 'Sign Out']]
Session ID: 0e83b4bcbe9e07fd6873f3d709bbcb04]]>
            </message>
            <full-stacktrace>
              <![CDATA[org.openqa.selenium.ElementNotInteractableException: element not interactable
  (Session info: chrome=150.0.7871.115)
Build info: version: '4.43.0', revision: 'dd0f534'
System info: os.name: 'Windows 11', os.arch: 'amd64', os.version: '10.0', java.version: '21.0.1'
Driver info: org.openqa.selenium.chrome.ChromeDriver
Command: [0e83b4bcbe9e07fd6873f3d709bbcb04, clickElement {id=f.47C47CFA472465C80B967D406EA18F12.d.64C2ED3BB11C20002E2022418B86513B.e.2380}]
Capabilities {acceptInsecureCerts: false, browserName: chrome, browserVersion: 150.0.7871.115, chrome: {chromedriverVersion: 150.0.7871.124 (9261fd0a595..., userDataDir: C:\Users\JASHWA~1\AppData\L...}, fedcm:accounts: true, goog:chromeOptions: {debuggerAddress: localhost:55497}, goog:processID: 11592, networkConnectionEnabled: false, pageLoadStrategy: normal, platformName: windows, proxy: Proxy(), se:cdp: ws://localhost:55497/devtoo..., se:cdpVersion: 150.0.7871.115, setWindowRect: true, strictFileInteractability: false, timeouts: {implicit: 0, pageLoad: 300000, script: 30000}, unhandledPromptBehavior: dismiss and notify, webauthn:extension:credBlob: true, webauthn:extension:largeBlob: true, webauthn:extension:minPinLength: true, webauthn:extension:prf: true, webauthn:virtualAuthenticators: true}
Element: [[ChromeDriver: chrome on windows (0e83b4bcbe9e07fd6873f3d709bbcb04)] -> xpath: //a[text() = 'Sign Out']]
Session ID: 0e83b4bcbe9e07fd6873f3d709bbcb04
at org.openqa.selenium.remote.ErrorCodec.decode(ErrorCodec.java:169)
at org.openqa.selenium.remote.codec.w3c.W3CHttpResponseCodec.decode(W3CHttpResponseCodec.java:142)
at org.openqa.selenium.remote.codec.w3c.W3CHttpResponseCodec.decode(W3CHttpResponseCodec.java:49)
at org.openqa.selenium.remote.HttpCommandExecutor.execute(HttpCommandExecutor.java:223)
at org.openqa.selenium.remote.service.DriverCommandExecutor.invokeExecute(DriverCommandExecutor.java:216)
at org.openqa.selenium.remote.service.DriverCommandExecutor.execute(DriverCommandExecutor.java:174)
at org.openqa.selenium.remote.RemoteWebDriver.execute(RemoteWebDriver.java:606)
at org.openqa.selenium.remote.RemoteWebElement.execute(RemoteWebElement.java:223)
at org.openqa.selenium.remote.RemoteWebElement.click(RemoteWebElement.java:76)
at java.base/jdk.internal.reflect.DirectMethodHandleAccessor.invoke(DirectMethodHandleAccessor.java:103)
at java.base/java.lang.reflect.Method.invoke(Method.java:580)
at org.openqa.selenium.support.pagefactory.internal.LocatingElementHandler.invoke(LocatingElementHandler.java:51)
at jdk.proxy2/jdk.proxy2.$Proxy17.click(Unknown Source)
at ObjectRepo.HomePagePOM.SignoutOperation(HomePagePOM.java:72)
at genericUtility.BaseClass.amConfig(BaseClass.java:69)
at java.base/jdk.internal.reflect.DirectMethodHandleAccessor.invoke(DirectMethodHandleAccessor.java:103)
at java.base/java.lang.reflect.Method.invoke(Method.java:580)
at org.testng.internal.invokers.MethodInvocationHelper.invokeMethod(MethodInvocationHelper.java:141)
at org.testng.internal.invokers.MethodInvocationHelper.invokeMethodConsideringTimeout(MethodInvocationHelper.java:71)
at org.testng.internal.invokers.ConfigInvoker.invokeConfigurationMethod(ConfigInvoker.java:400)
at org.testng.internal.invokers.ConfigInvoker.invokeConfigurations(ConfigInvoker.java:333)
at org.testng.internal.invokers.TestInvoker.runConfigMethods(TestInvoker.java:836)
at org.testng.internal.invokers.TestInvoker.runAfterConfigurations(TestInvoker.java:805)
at org.testng.internal.invokers.TestInvoker.invokeMethod(TestInvoker.java:781)
at org.testng.internal.invokers.TestInvoker.invokeTestMethod(TestInvoker.java:230)
at org.testng.internal.invokers.MethodRunner.runInSequence(MethodRunner.java:63)
at org.testng.internal.invokers.TestInvoker$MethodInvocationAgent.invoke(TestInvoker.java:995)
at org.testng.internal.invokers.TestInvoker.invokeTestMethods(TestInvoker.java:203)
at org.testng.internal.invokers.TestMethodWorker.invokeTestMethods(TestMethodWorker.java:154)
at org.testng.internal.invokers.TestMethodWorker.run(TestMethodWorker.java:134)
at java.base/java.util.ArrayList.forEach(ArrayList.java:1596)
at org.testng.TestRunner.privateRun(TestRunner.java:741)
at org.testng.TestRunner.run(TestRunner.java:616)
at org.testng.SuiteRunner.runTest(SuiteRunner.java:421)
at org.testng.SuiteRunner.runSequentially(SuiteRunner.java:413)
at org.testng.SuiteRunner.privateRun(SuiteRunner.java:373)
at org.testng.SuiteRunner.run(SuiteRunner.java:312)
at org.testng.SuiteRunnerWorker.runSuite(SuiteRunnerWorker.java:52)
at org.testng.SuiteRunnerWorker.run(SuiteRunnerWorker.java:95)
at org.testng.TestNG.runSuitesSequentially(TestNG.java:1274)
at org.testng.TestNG.runSuitesLocally(TestNG.java:1208)
at org.testng.TestNG.runSuites(TestNG.java:1112)
at org.testng.TestNG.run(TestNG.java:1079)
at org.apache.maven.surefire.testng.TestNGExecutor.run(TestNGExecutor.java:308)
at org.apache.maven.surefire.testng.TestNGXmlTestSuite.execute(TestNGXmlTestSuite.java:71)
at org.apache.maven.surefire.testng.TestNGProvider.invoke(TestNGProvider.java:113)
at org.apache.maven.surefire.booter.ForkedBooter.runSuitesInProcess(ForkedBooter.java:385)
at org.apache.maven.surefire.booter.ForkedBooter.execute(ForkedBooter.java:162)
at org.apache.maven.surefire.booter.ForkedBooter.run(ForkedBooter.java:507)
at org.apache.maven.surefire.booter.ForkedBooter.main(ForkedBooter.java:495)
]]>
            </full-stacktrace>
          </exception> <!-- org.openqa.selenium.ElementNotInteractableException -->
          <reporter-output>
          </reporter-output>
        </test-method> <!-- amConfig -->
        <test-method is-config="true" signature="acConfig()[pri:0, instance:testCaseRepo.TC_004@14cd1699]" started-at="2026-07-15T10:11:31 IST" name="acConfig" finished-at="2026-07-15T10:11:31 IST" duration-ms="274" status="PASS">
          <reporter-output>
          </reporter-output>
        </test-method> <!-- acConfig -->
      </class> <!-- testCaseRepo.TC_004 -->
    </test> <!-- Test -->
  </suite> <!-- Suite (0) -->
</testng-results>
