<?xml version="1.0" encoding="UTF-8"?>
<testng-results ignored="0" total="1" passed="1" failed="0" skipped="0">
  <reporter-output>
  </reporter-output>
  <suite started-at="2026-07-21T09:07:16 IST" name="Default suite" finished-at="2026-07-21T09:07:34 IST" duration-ms="18301">
    <groups>
      <group name="Smoke">
        <method signature="TC_002Test.LC_002()[pri:0, instance:testCaseRepo.TC_002Test@5fbe4146]" name="LC_002" class="testCaseRepo.TC_002Test"/>
      </group> <!-- Smoke -->
    </groups>
    <test started-at="2026-07-21T09:07:16 IST" name="Default test" finished-at="2026-07-21T09:07:34 IST" duration-ms="18301">
      <class name="testCaseRepo.TC_002Test">
        <test-method is-config="true" signature="bsConfig()[pri:0, instance:testCaseRepo.TC_002Test@5fbe4146]" started-at="2026-07-21T09:07:16 IST" name="bsConfig" finished-at="2026-07-21T09:07:16 IST" duration-ms="14" status="PASS">
          <reporter-output>
          </reporter-output>
        </test-method> <!-- bsConfig -->
        <test-method is-config="true" signature="bcConfig(java.lang.String)[pri:0, instance:testCaseRepo.TC_002Test@5fbe4146]" started-at="2026-07-21T09:07:16 IST" name="bcConfig" finished-at="2026-07-21T09:07:19 IST" duration-ms="2771" status="PASS">
          <params>
            <param index="0">
              <value>
                <![CDATA[chrome]]>
              </value>
            </param>
          </params>
          <reporter-output>
          </reporter-output>
        </test-method> <!-- bcConfig -->
        <test-method is-config="true" signature="bmConfig()[pri:0, instance:testCaseRepo.TC_002Test@5fbe4146]" started-at="2026-07-21T09:07:19 IST" name="bmConfig" finished-at="2026-07-21T09:07:19 IST" duration-ms="518" status="PASS">
          <reporter-output>
          </reporter-output>
        </test-method> <!-- bmConfig -->
        <test-method signature="LC_002()[pri:0, instance:testCaseRepo.TC_002Test@5fbe4146]" started-at="2026-07-21T09:07:19 IST" name="LC_002" finished-at="2026-07-21T09:07:33 IST" duration-ms="13675" status="PASS">
          <reporter-output>
          </reporter-output>
        </test-method> <!-- LC_002 -->
        <test-method is-config="true" signature="amConfig()[pri:0, instance:testCaseRepo.TC_002Test@5fbe4146]" started-at="2026-07-21T09:07:33 IST" name="amConfig" finished-at="2026-07-21T09:07:34 IST" duration-ms="959" status="PASS">
          <reporter-output>
          </reporter-output>
        </test-method> <!-- amConfig -->
        <test-method is-config="true" signature="acConfig()[pri:0, instance:testCaseRepo.TC_002Test@5fbe4146]" started-at="2026-07-21T09:07:34 IST" name="acConfig" finished-at="2026-07-21T09:07:34 IST" duration-ms="297" status="PASS">
          <reporter-output>
          </reporter-output>
        </test-method> <!-- acConfig -->
        <test-method is-config="true" signature="asConfig()[pri:0, instance:testCaseRepo.TC_002Test@5fbe4146]" started-at="2026-07-21T09:07:34 IST" name="asConfig" finished-at="2026-07-21T09:07:34 IST" duration-ms="2" status="PASS">
          <reporter-output>
          </reporter-output>
        </test-method> <!-- asConfig -->
      </class> <!-- testCaseRepo.TC_002Test -->
    </test> <!-- Default test -->
  </suite> <!-- Default suite -->
</testng-results>
