<?xml version="1.0" encoding="UTF-8"?>
<testng-results ignored="0" total="1" passed="1" failed="0" skipped="0">
  <reporter-output>
  </reporter-output>
  <suite started-at="2026-07-15T10:12:12 IST" name="Default suite" finished-at="2026-07-15T10:12:48 IST" duration-ms="36394">
    <groups>
      <group name="Sanity">
        <method signature="TC_001Test.LE_001()[pri:0, instance:testCaseRepo.TC_001Test@58a9760d]" name="LE_001" class="testCaseRepo.TC_001Test"/>
      </group> <!-- Sanity -->
      <group name="Smoke">
        <method signature="TC_001Test.LE_001()[pri:0, instance:testCaseRepo.TC_001Test@58a9760d]" name="LE_001" class="testCaseRepo.TC_001Test"/>
      </group> <!-- Smoke -->
    </groups>
    <test started-at="2026-07-15T10:12:12 IST" name="Default test" finished-at="2026-07-15T10:12:48 IST" duration-ms="36394">
      <class name="testCaseRepo.TC_001Test">
        <test-method is-config="true" signature="bsConfig()[pri:0, instance:testCaseRepo.TC_001Test@58a9760d]" started-at="2026-07-15T10:12:12 IST" name="bsConfig" finished-at="2026-07-15T10:12:12 IST" duration-ms="14" status="PASS">
          <reporter-output>
          </reporter-output>
        </test-method> <!-- bsConfig -->
        <test-method is-config="true" signature="bcConfig(java.lang.String)[pri:0, instance:testCaseRepo.TC_001Test@58a9760d]" started-at="2026-07-15T10:12:12 IST" name="bcConfig" finished-at="2026-07-15T10:12:15 IST" duration-ms="2909" status="PASS">
          <params>
            <param index="0">
              <value>
                <![CDATA[chrome]]>
              </value>
            </param>
          </params>
          <reporter-output>
          </reporter-output>
        </test-method> <!-- bcConfig -->
        <test-method is-config="true" signature="bmConfig()[pri:0, instance:testCaseRepo.TC_001Test@58a9760d]" started-at="2026-07-15T10:12:15 IST" name="bmConfig" finished-at="2026-07-15T10:12:21 IST" duration-ms="6073" status="PASS">
          <reporter-output>
          </reporter-output>
        </test-method> <!-- bmConfig -->
        <test-method signature="LE_001()[pri:0, instance:testCaseRepo.TC_001Test@58a9760d]" started-at="2026-07-15T10:12:21 IST" name="LE_001" finished-at="2026-07-15T10:12:45 IST" duration-ms="23721" status="PASS">
          <reporter-output>
          </reporter-output>
        </test-method> <!-- LE_001 -->
        <test-method is-config="true" signature="amConfig()[pri:0, instance:testCaseRepo.TC_001Test@58a9760d]" started-at="2026-07-15T10:12:45 IST" name="amConfig" finished-at="2026-07-15T10:12:48 IST" duration-ms="3423" status="PASS">
          <reporter-output>
          </reporter-output>
        </test-method> <!-- amConfig -->
        <test-method is-config="true" signature="acConfig()[pri:0, instance:testCaseRepo.TC_001Test@58a9760d]" started-at="2026-07-15T10:12:48 IST" name="acConfig" finished-at="2026-07-15T10:12:48 IST" duration-ms="220" status="PASS">
          <reporter-output>
          </reporter-output>
        </test-method> <!-- acConfig -->
        <test-method is-config="true" signature="asConfig()[pri:0, instance:testCaseRepo.TC_001Test@58a9760d]" started-at="2026-07-15T10:12:48 IST" name="asConfig" finished-at="2026-07-15T10:12:48 IST" duration-ms="0" status="PASS">
          <reporter-output>
          </reporter-output>
        </test-method> <!-- asConfig -->
      </class> <!-- testCaseRepo.TC_001Test -->
    </test> <!-- Default test -->
  </suite> <!-- Default suite -->
</testng-results>
