<?xml version="1.0" encoding="UTF-8"?>
<!-- Generated by org.testng.reporters.JUnitReportReporter -->
<testsuite hostname="JASHWANTH" failures="0" tests="4" name="practice.TestNGPractice" time="0.019" errors="0" timestamp="2026-07-15T08:50:09 IST" skipped="0">
  <testcase classname="practice.TestNGPractice" name="bashaEats" time="0.001"/>
  <testcase classname="practice.TestNGPractice" name="bashaRuns" time="0.014"/>
  <testcase classname="practice.TestNGPractice" name="bashaSleeps" time="0.002"/>
  <testcase classname="practice.TestNGPractice" name="bashaWakes" time="0.002"/>
</testsuite> <!-- practice.TestNGPractice -->
